This is pdfTeX, Version 3.14159265-2.6-1.40.21 (TeX Live 2020) (preloaded format=pdflatex 2020.4.7)  28 DEC 2023 23:42
entering extended mode
 restricted \write18 enabled.
 %&-line parsing enabled.
**Reply-Reviewer2.tex
(./Reply-Reviewer2.tex
LaTeX2e <2020-02-02> patch level 5
L3 programming layer <2020-03-06>
(/usr/local/texlive/2020/texmf-dist/tex/latex/base/letter.cls
Document Class: letter 2014/09/29 v1.2z Standard LaTeX document class
(/usr/local/texlive/2020/texmf-dist/tex/latex/base/size10.clo
File: size10.clo 2019/12/20 v1.4l Standard LaTeX file (size option)
)
\longindentation=\dimen134
\indentedwidth=\dimen135
\labelcount=\count167
)
(/usr/local/texlive/2020/texmf-dist/tex/latex/graphics/color.sty
Package: color 2019/11/23 v1.2a Standard LaTeX Color (DPC)

(/usr/local/texlive/2020/texmf-dist/tex/latex/graphics-cfg/color.cfg
File: color.cfg 2016/01/02 v1.6 sample color configuration
)
Package color Info: Driver file: pdftex.def on input line 147.

(/usr/local/texlive/2020/texmf-dist/tex/latex/graphics-def/pdftex.def
File: pdftex.def 2018/01/08 v1.0l Graphics/color driver for pdftex
))
(/usr/local/texlive/2020/texmf-dist/tex/latex/l3backend/l3backend-pdfmode.def
File: l3backend-pdfmode.def 2020-03-12 L3 backend support: PDF mode
\l__kernel_color_stack_int=\count168
\l__pdf_internal_box=\box45
)
(./Reply-Reviewer2.aux)
\openout1 = `Reply-Reviewer2.aux'.

LaTeX Font Info:    Checking defaults for OML/cmm/m/it on input line 11.
LaTeX Font Info:    ... okay on input line 11.
LaTeX Font Info:    Checking defaults for OMS/cmsy/m/n on input line 11.
LaTeX Font Info:    ... okay on input line 11.
LaTeX Font Info:    Checking defaults for OT1/cmr/m/n on input line 11.
LaTeX Font Info:    ... okay on input line 11.
LaTeX Font Info:    Checking defaults for T1/cmr/m/n on input line 11.
LaTeX Font Info:    ... okay on input line 11.
LaTeX Font Info:    Checking defaults for TS1/cmr/m/n on input line 11.
LaTeX Font Info:    ... okay on input line 11.
LaTeX Font Info:    Checking defaults for OMX/cmex/m/n on input line 11.
LaTeX Font Info:    ... okay on input line 11.
LaTeX Font Info:    Checking defaults for U/cmr/m/n on input line 11.
LaTeX Font Info:    ... okay on input line 11.

(/usr/local/texlive/2020/texmf-dist/tex/context/base/mkii/supp-pdf.mkii
[Loading MPS to PDF converter (version 2006.09.02).]
\scratchcounter=\count169
\scratchdimen=\dimen136
\scratchbox=\box46
\nofMPsegments=\count170
\nofMParguments=\count171
\everyMPshowfont=\toks15
\MPscratchCnt=\count172
\MPscratchDim=\dimen137
\MPnumerator=\count173
\makeMPintoPDFobject=\count174
\everyMPtoPDFconversion=\toks16
)
Underfull \hbox (badness 10000) in paragraph at lines 46--52

 []

LaTeX Font Info:    External font `cmex10' loaded for size
(Font)              <7> on input line 73.
LaTeX Font Info:    External font `cmex10' loaded for size
(Font)              <5> on input line 73.

Underfull \hbox (badness 10000) in paragraph at lines 71--79

 []

[1

{/usr/local/texlive/2020/texmf-var/fonts/map/pdftex/updmap/pdftex.map}]
Underfull \hbox (badness 10000) in paragraph at lines 92--96

 []


Underfull \hbox (badness 10000) in paragraph at lines 106--113

 []


Underfull \hbox (badness 10000) in paragraph at lines 124--128

 []

[2]
Underfull \hbox (badness 10000) in paragraph at lines 141--158

 []

[3]
Underfull \hbox (badness 10000) in paragraph at lines 238--243

 []

[4]
Underfull \hbox (badness 10000) in paragraph at lines 254--267

 []


Underfull \hbox (badness 10000) in paragraph at lines 283--289

 []


Underfull \hbox (badness 10000) in paragraph at lines 300--312

 []

[5]
Underfull \hbox (badness 10000) in paragraph at lines 324--344

 []


Underfull \hbox (badness 10000) in paragraph at lines 351--356

 []

[6]
Underfull \hbox (badness 10000) in paragraph at lines 366--380

 []


Underfull \hbox (badness 10000) in paragraph at lines 393--401

 []


Underfull \hbox (badness 10000) in paragraph at lines 416--419

 []

[7]
Underfull \hbox (badness 10000) in paragraph at lines 427--429

 []


Underfull \hbox (badness 10000) in paragraph at lines 437--439

 []


Underfull \hbox (badness 10000) in paragraph at lines 450--452

 []


Underfull \hbox (badness 10000) in paragraph at lines 461--463

 []

[8] [9] (./Reply-Reviewer2.aux) ) 
Here is how much of TeX's memory you used:
 819 strings out of 480608
 12587 string characters out of 5903631
 251142 words of memory out of 5000000
 16775 multiletter control sequences out of 15000+600000
 533687 words of font info for 28 fonts, out of 8000000 for 9000
 1141 hyphenation exceptions out of 8191
 25i,7n,19p,177b,250s stack positions out of 5000i,500n,10000p,200000b,80000s
</usr/local/texlive/2020/texmf-dist/fonts/type
1/public/amsfonts/cm/cmmi10.pfb></usr/local/texlive/2020/texmf-dist/fonts/type1
/public/amsfonts/cm/cmmi7.pfb></usr/local/texlive/2020/texmf-dist/fonts/type1/p
ublic/amsfonts/cm/cmr10.pfb></usr/local/texlive/2020/texmf-dist/fonts/type1/pub
lic/amsfonts/cm/cmr5.pfb></usr/local/texlive/2020/texmf-dist/fonts/type1/public
/amsfonts/cm/cmr7.pfb></usr/local/texlive/2020/texmf-dist/fonts/type1/public/am
sfonts/cm/cmss10.pfb></usr/local/texlive/2020/texmf-dist/fonts/type1/public/ams
fonts/cm/cmsy10.pfb></usr/local/texlive/2020/texmf-dist/fonts/type1/public/amsf
onts/cm/cmsy7.pfb></usr/local/texlive/2020/texmf-dist/fonts/type1/public/amsfon
ts/cm/cmti10.pfb></usr/local/texlive/2020/texmf-dist/fonts/type1/public/amsfont
s/cm/cmti7.pfb>
Output written on Reply-Reviewer2.pdf (9 pages, 129517 bytes).
PDF statistics:
 74 PDF objects out of 1000 (max. 8388607)
 52 compressed objects within 1 object stream
 0 named destinations out of 1000 (max. 500000)
 1 words of extra memory for PDF output out of 10000 (max. 10000000)

