This is pdfTeX, Version 3.141592653-2.6-1.40.26 (TeX Live 2024) (preloaded format=pdflatex 2024.4.1)  4 NOV 2024 16:26
entering extended mode
 restricted \write18 enabled.
 %&-line parsing enabled.
**Bubble-deformation-Rev
(./Bubble-deformation-Rev.tex
LaTeX2e <2023-11-01> patch level 1
L3 programming layer <2024-02-20>
(/usr/local/texlive/2024/texmf-dist/tex/latex/elsarticle/elsarticle.cls
Document Class: elsarticle 2020/11/20, 3.3: Elsevier Ltd
(/usr/local/texlive/2024/texmf-dist/tex/latex/l3kernel/expl3.sty
Package: expl3 2024-02-20 L3 programming layer (loader) 

(/usr/local/texlive/2024/texmf-dist/tex/latex/l3backend/l3backend-pdftex.def
File: l3backend-pdftex.def 2024-02-20 L3 backend support: PDF output (pdfTeX)
\l__color_backend_stack_int=\count188
\l__pdf_internal_box=\box51
))
(/usr/local/texlive/2024/texmf-dist/tex/latex/l3packages/xparse/xparse.sty
Package: xparse 2024-02-18 L3 Experimental document command parser
)
(/usr/local/texlive/2024/texmf-dist/tex/latex/etoolbox/etoolbox.sty
Package: etoolbox 2020/10/05 v2.5k e-TeX tools for LaTeX (JAW)
\etb@tempcnta=\count189
)
\@bls=\dimen140

(/usr/local/texlive/2024/texmf-dist/tex/latex/base/article.cls
Document Class: article 2023/05/17 v1.4n Standard LaTeX document class
(/usr/local/texlive/2024/texmf-dist/tex/latex/base/size10.clo
File: size10.clo 2023/05/17 v1.4n Standard LaTeX file (size option)
)
\c@part=\count190
\c@section=\count191
\c@subsection=\count192
\c@subsubsection=\count193
\c@paragraph=\count194
\c@subparagraph=\count195
\c@figure=\count196
\c@table=\count197
\abovecaptionskip=\skip48
\belowcaptionskip=\skip49
\bibindent=\dimen141
)
(/usr/local/texlive/2024/texmf-dist/tex/latex/graphics/graphicx.sty
Package: graphicx 2021/09/16 v1.2d Enhanced LaTeX Graphics (DPC,SPQR)

(/usr/local/texlive/2024/texmf-dist/tex/latex/graphics/keyval.sty
Package: keyval 2022/05/29 v1.15 key=value parser (DPC)
\KV@toks@=\toks17
)
(/usr/local/texlive/2024/texmf-dist/tex/latex/graphics/graphics.sty
Package: graphics 2022/03/10 v1.4e Standard LaTeX Graphics (DPC,SPQR)

(/usr/local/texlive/2024/texmf-dist/tex/latex/graphics/trig.sty
Package: trig 2021/08/11 v1.11 sin cos tan (DPC)
)
(/usr/local/texlive/2024/texmf-dist/tex/latex/graphics-cfg/graphics.cfg
File: graphics.cfg 2016/06/04 v1.11 sample graphics configuration
)
Package graphics Info: Driver file: pdftex.def on input line 107.

(/usr/local/texlive/2024/texmf-dist/tex/latex/graphics-def/pdftex.def
File: pdftex.def 2022/09/22 v1.2b Graphics/color driver for pdftex
))
\Gin@req@height=\dimen142
\Gin@req@width=\dimen143
)
\c@tnote=\count198
\c@fnote=\count199
\c@cnote=\count266
\c@ead=\count267
\c@author=\count268
\@eadauthor=\toks18
\c@affn=\count269
\absbox=\box52
\elsarticlehighlightsbox=\box53
\elsarticlegrabsbox=\box54
\keybox=\box55
\Columnwidth=\dimen144
\space@left=\dimen145
\els@boxa=\box56
\els@boxb=\box57
\leftMargin=\dimen146
\@enLab=\toks19
\@sep=\skip50
\@@sep=\skip51

(./Bubble-deformation-Rev.spl)
(/usr/local/texlive/2024/texmf-dist/tex/latex/natbib/natbib.sty
Package: natbib 2010/09/13 8.31b (PWD, AO)
\bibhang=\skip52
\bibsep=\skip53
LaTeX Info: Redefining \cite on input line 694.
\c@NAT@ctr=\count270
)
\splwrite=\write3
\openout3 = `Bubble-deformation-Rev.spl'.

\appnamewidth=\dimen147
)
(/usr/local/texlive/2024/texmf-dist/tex/latex/amsfonts/amssymb.sty
Package: amssymb 2013/01/14 v3.01 AMS font symbols

(/usr/local/texlive/2024/texmf-dist/tex/latex/amsfonts/amsfonts.sty
Package: amsfonts 2013/01/14 v3.01 Basic AMSFonts support
\@emptytoks=\toks20
\symAMSa=\mathgroup4
\symAMSb=\mathgroup5
LaTeX Font Info:    Redeclaring math symbol \hbar on input line 98.
LaTeX Font Info:    Overwriting math alphabet `\mathfrak' in version `bold'
(Font)                  U/euf/m/n --> U/euf/b/n on input line 106.
))
(/usr/local/texlive/2024/texmf-dist/tex/latex/base/latexsym.sty
Package: latexsym 1998/08/17 v2.2e Standard LaTeX package (lasy symbols)
\symlasy=\mathgroup6
LaTeX Font Info:    Overwriting symbol font `lasy' in version `bold'
(Font)                  U/lasy/m/n --> U/lasy/b/n on input line 52.
)
(/usr/local/texlive/2024/texmf-dist/tex/latex/amsmath/amsbsy.sty
Package: amsbsy 1999/11/29 v1.2d Bold Symbols

(/usr/local/texlive/2024/texmf-dist/tex/latex/amsmath/amsgen.sty
File: amsgen.sty 1999/11/30 v2.0 generic functions
\@emptytoks=\toks21
\ex@=\dimen148
)
\pmbraise@=\dimen149
)
(/usr/local/texlive/2024/texmf-dist/tex/latex/subfigure/subfigure.sty
Package: subfigure 2002/03/15 v2.1.5 subfigure package
\subfigtopskip=\skip54
\subfigcapskip=\skip55
\subfigcaptopadj=\dimen150
\subfigbottomskip=\skip56
\subfigcapmargin=\dimen151
\subfiglabelskip=\skip57
\c@subfigure=\count271
\c@lofdepth=\count272
\c@subtable=\count273
\c@lotdepth=\count274

****************************************
* Local config file subfigure.cfg used *
****************************************
(/usr/local/texlive/2024/texmf-dist/tex/latex/subfigure/subfigure.cfg)
\subfig@top=\skip58
\subfig@bottom=\skip59
)
(/usr/local/texlive/2024/texmf-dist/tex/latex/mathtools/mathtools.sty
Package: mathtools 2024/03/11 v1.30 mathematical typesetting tools

(/usr/local/texlive/2024/texmf-dist/tex/latex/tools/calc.sty
Package: calc 2023/07/08 v4.3 Infix arithmetic (KKT,FJ)
\calc@Acount=\count275
\calc@Bcount=\count276
\calc@Adimen=\dimen152
\calc@Bdimen=\dimen153
\calc@Askip=\skip60
\calc@Bskip=\skip61
LaTeX Info: Redefining \setlength on input line 80.
LaTeX Info: Redefining \addtolength on input line 81.
\calc@Ccount=\count277
\calc@Cskip=\skip62
)
(/usr/local/texlive/2024/texmf-dist/tex/latex/mathtools/mhsetup.sty
Package: mhsetup 2021/03/18 v1.4 programming setup (MH)
)
(/usr/local/texlive/2024/texmf-dist/tex/latex/amsmath/amsmath.sty
Package: amsmath 2023/05/13 v2.17o AMS math features
\@mathmargin=\skip63

For additional information on amsmath, use the `?' option.
(/usr/local/texlive/2024/texmf-dist/tex/latex/amsmath/amstext.sty
Package: amstext 2021/08/26 v2.01 AMS text
)
(/usr/local/texlive/2024/texmf-dist/tex/latex/amsmath/amsopn.sty
Package: amsopn 2022/04/08 v2.04 operator names
)
\inf@bad=\count278
LaTeX Info: Redefining \frac on input line 234.
\uproot@=\count279
\leftroot@=\count280
LaTeX Info: Redefining \overline on input line 399.
LaTeX Info: Redefining \colon on input line 410.
\classnum@=\count281
\DOTSCASE@=\count282
LaTeX Info: Redefining \ldots on input line 496.
LaTeX Info: Redefining \dots on input line 499.
LaTeX Info: Redefining \cdots on input line 620.
\Mathstrutbox@=\box58
\strutbox@=\box59
LaTeX Info: Redefining \big on input line 722.
LaTeX Info: Redefining \Big on input line 723.
LaTeX Info: Redefining \bigg on input line 724.
LaTeX Info: Redefining \Bigg on input line 725.
\big@size=\dimen154
LaTeX Font Info:    Redeclaring font encoding OML on input line 743.
LaTeX Font Info:    Redeclaring font encoding OMS on input line 744.
\macc@depth=\count283
LaTeX Info: Redefining \bmod on input line 905.
LaTeX Info: Redefining \pmod on input line 910.
LaTeX Info: Redefining \smash on input line 940.
LaTeX Info: Redefining \relbar on input line 970.
LaTeX Info: Redefining \Relbar on input line 971.
\c@MaxMatrixCols=\count284
\dotsspace@=\muskip16
\c@parentequation=\count285
\dspbrk@lvl=\count286
\tag@help=\toks22
\row@=\count287
\column@=\count288
\maxfields@=\count289
\andhelp@=\toks23
\eqnshift@=\dimen155
\alignsep@=\dimen156
\tagshift@=\dimen157
\tagwidth@=\dimen158
\totwidth@=\dimen159
\lineht@=\dimen160
\@envbody=\toks24
\multlinegap=\skip64
\multlinetaggap=\skip65
\mathdisplay@stack=\toks25
LaTeX Info: Redefining \[ on input line 2953.
LaTeX Info: Redefining \] on input line 2954.
)
\g_MT_multlinerow_int=\count290
\l_MT_multwidth_dim=\dimen161
\origjot=\skip66
\l_MT_shortvdotswithinadjustabove_dim=\dimen162
\l_MT_shortvdotswithinadjustbelow_dim=\dimen163
\l_MT_above_intertext_sep=\dimen164
\l_MT_below_intertext_sep=\dimen165
\l_MT_above_shortintertext_sep=\dimen166
\l_MT_below_shortintertext_sep=\dimen167
\xmathstrut@box=\box60
\xmathstrut@dim=\dimen168
)
(/usr/local/texlive/2024/texmf-dist/tex/latex/url/url.sty
\Urlmuskip=\muskip17
Package: url 2013/09/16  ver 3.4  Verb mode for urls, etc.
)
(/usr/local/texlive/2024/texmf-dist/tex/latex/xcolor/xcolor.sty
Package: xcolor 2023/11/15 v3.01 LaTeX color extensions (UK)

(/usr/local/texlive/2024/texmf-dist/tex/latex/graphics-cfg/color.cfg
File: color.cfg 2016/01/02 v1.6 sample color configuration
)
Package xcolor Info: Driver file: pdftex.def on input line 274.

(/usr/local/texlive/2024/texmf-dist/tex/latex/graphics/mathcolor.ltx)
Package xcolor Info: Model `cmy' substituted by `cmy0' on input line 1350.
Package xcolor Info: Model `hsb' substituted by `rgb' on input line 1354.
Package xcolor Info: Model `RGB' extended on input line 1366.
Package xcolor Info: Model `HTML' substituted by `rgb' on input line 1368.
Package xcolor Info: Model `Hsb' substituted by `hsb' on input line 1369.
Package xcolor Info: Model `tHsb' substituted by `hsb' on input line 1370.
Package xcolor Info: Model `HSB' substituted by `hsb' on input line 1371.
Package xcolor Info: Model `Gray' substituted by `gray' on input line 1372.
Package xcolor Info: Model `wave' substituted by `hsb' on input line 1373.
)
(/usr/local/texlive/2024/texmf-dist/tex/latex/tools/bm.sty
Package: bm 2023/07/08 v1.2f Bold Symbol Support (DPC/FMi)
\symboldoperators=\mathgroup7
\symboldletters=\mathgroup8
\symboldsymbols=\mathgroup9
Package bm Info: No bold for \OMX/cmex/m/n, using \pmb.
Package bm Info: No bold for \U/msa/m/n, using \pmb.
Package bm Info: No bold for \U/msb/m/n, using \pmb.
\symboldlasy=\mathgroup10
LaTeX Font Info:    Redeclaring math alphabet \mathbf on input line 149.
)
(/usr/local/texlive/2024/texmf-dist/tex/latex/comment/comment.sty
\CommentStream=\write4

Excluding comment 'comment')
(/usr/local/texlive/2024/texmf-dist/tex/latex/lineno/lineno.sty
Package: lineno 2023/05/20 line numbers on paragraphs v5.3

(/usr/local/texlive/2024/texmf-dist/tex/latex/kvoptions/kvoptions.sty
Package: kvoptions 2022-06-15 v3.15 Key value format for package options (HO)

(/usr/local/texlive/2024/texmf-dist/tex/generic/ltxcmds/ltxcmds.sty
Package: ltxcmds 2023-12-04 v1.26 LaTeX kernel commands for general use (HO)
)
(/usr/local/texlive/2024/texmf-dist/tex/latex/kvsetkeys/kvsetkeys.sty
Package: kvsetkeys 2022-10-05 v1.19 Key value parser (HO)
))
\linenopenalty=\count291
\output=\toks26
\linenoprevgraf=\count292
\linenumbersep=\dimen169
\linenumberwidth=\dimen170
\c@linenumber=\count293
\c@pagewiselinenumber=\count294
\c@LN@truepage=\count295
\c@internallinenumber=\count296
\c@internallinenumbers=\count297
\quotelinenumbersep=\dimen171
\bframerule=\dimen172
\bframesep=\dimen173
\bframebox=\box61
\linenoamsmath@ams@eqpen=\count298
LaTeX Info: Redefining \\ on input line 3180.
)
(./Bubble-deformation-Rev.aux)
\openout1 = `Bubble-deformation-Rev.aux'.

LaTeX Font Info:    Checking defaults for OML/cmm/m/it on input line 138.
LaTeX Font Info:    ... okay on input line 138.
LaTeX Font Info:    Checking defaults for OMS/cmsy/m/n on input line 138.
LaTeX Font Info:    ... okay on input line 138.
LaTeX Font Info:    Checking defaults for OT1/cmr/m/n on input line 138.
LaTeX Font Info:    ... okay on input line 138.
LaTeX Font Info:    Checking defaults for T1/cmr/m/n on input line 138.
LaTeX Font Info:    ... okay on input line 138.
LaTeX Font Info:    Checking defaults for TS1/cmr/m/n on input line 138.
LaTeX Font Info:    ... okay on input line 138.
LaTeX Font Info:    Checking defaults for OMX/cmex/m/n on input line 138.
LaTeX Font Info:    ... okay on input line 138.
LaTeX Font Info:    Checking defaults for U/cmr/m/n on input line 138.
LaTeX Font Info:    ... okay on input line 138.

(/usr/local/texlive/2024/texmf-dist/tex/context/base/mkii/supp-pdf.mkii
[Loading MPS to PDF converter (version 2006.09.02).]
\scratchcounter=\count299
\scratchdimen=\dimen174
\scratchbox=\box62
\nofMPsegments=\count300
\nofMParguments=\count301
\everyMPshowfont=\toks27
\MPscratchCnt=\count302
\MPscratchDim=\dimen175
\MPnumerator=\count303
\makeMPintoPDFobject=\count304
\everyMPtoPDFconversion=\toks28
) (/usr/local/texlive/2024/texmf-dist/tex/latex/epstopdf-pkg/epstopdf-base.sty
Package: epstopdf-base 2020-01-24 v2.11 Base part for package epstopdf
Package epstopdf-base Info: Redefining graphics rule for `.eps' on input line 4
85.

(/usr/local/texlive/2024/texmf-dist/tex/latex/latexconfig/epstopdf-sys.cfg
File: epstopdf-sys.cfg 2010/07/13 v1.3 Configuration of (r)epstopdf for TeX Liv
e
))
LaTeX Font Info:    Trying to load font information for U+msa on input line 243
.

(/usr/local/texlive/2024/texmf-dist/tex/latex/amsfonts/umsa.fd
File: umsa.fd 2013/01/14 v3.01 AMS symbols A
)
LaTeX Font Info:    Trying to load font information for U+msb on input line 243
.

(/usr/local/texlive/2024/texmf-dist/tex/latex/amsfonts/umsb.fd
File: umsb.fd 2013/01/14 v3.01 AMS symbols B
)
LaTeX Font Info:    Trying to load font information for U+lasy on input line 24
3.

(/usr/local/texlive/2024/texmf-dist/tex/latex/base/ulasy.fd
File: ulasy.fd 1998/08/17 v2.2e LaTeX symbol font definitions
)
LaTeX Font Info:    Font shape `U/lasy/b/n' in size <8> not available
(Font)              Font shape `U/lasy/m/n' tried instead on input line 243.
LaTeX Font Info:    Font shape `U/lasy/b/n' in size <6> not available
(Font)              Font shape `U/lasy/m/n' tried instead on input line 243.
LaTeX Font Info:    Font shape `U/lasy/b/n' in size <5> not available
(Font)              Font shape `U/lasy/m/n' tried instead on input line 243.
LaTeX Font Info:    Font shape `U/lasy/b/n' in size <7> not available
(Font)              Font shape `U/lasy/m/n' tried instead on input line 243.

Overfull \hbox (2.22221pt too wide) has occurred while \output is active
[] 
 []

[1


{/usr/local/texlive/2024/texmf-var/fonts/map/pdftex/updmap/pdftex.map}]
[2] [3] [4]
Package epstopdf Info: Source file: <Figure/1-SchematicAndGrid.eps>
(epstopdf)                    date: 2024-05-16 05:36:00
(epstopdf)                    size: 1813930 bytes
(epstopdf)             Output file: <Figure/1-SchematicAndGrid-eps-converted-to
.pdf>
(epstopdf)                    date: 2024-11-04 16:26:23
(epstopdf)                    size: 220444 bytes
(epstopdf)             Command: <repstopdf --outfile=Figure/1-SchematicAndGrid-
eps-converted-to.pdf Figure/1-SchematicAndGrid.eps>
(epstopdf)             \includegraphics on input line 431.
Package epstopdf Info: Output file is already uptodate.
<Figure/1-SchematicAndGrid-eps-converted-to.pdf, id=30, 714.67pt x 295.1025pt>
File: Figure/1-SchematicAndGrid-eps-converted-to.pdf Graphic file (type pdf)
<use Figure/1-SchematicAndGrid-eps-converted-to.pdf>
Package pdftex.def Info: Figure/1-SchematicAndGrid-eps-converted-to.pdf  used o
n input line 431.
(pdftex.def)             Requested size: 285.86293pt x 118.0389pt.
 [5 <./Figure/1-SchematicAndGrid-eps-converted-to.pdf>] [6]
Overfull \hbox (9.22728pt too wide) in paragraph at lines 599--599
[]
 []


Underfull \hbox (badness 10000) in paragraph at lines 599--599

 []

[7] [8]
Package epstopdf Info: Source file: <Figure/2-DropBreakComparison.eps>
(epstopdf)                    date: 2024-05-16 05:54:25
(epstopdf)                    size: 1857810 bytes
(epstopdf)             Output file: <Figure/2-DropBreakComparison-eps-converted
-to.pdf>
(epstopdf)                    date: 2024-11-04 16:26:24
(epstopdf)                    size: 181906 bytes
(epstopdf)             Command: <repstopdf --outfile=Figure/2-DropBreakComparis
on-eps-converted-to.pdf Figure/2-DropBreakComparison.eps>
(epstopdf)             \includegraphics on input line 753.
Package epstopdf Info: Output file is already uptodate.
<Figure/2-DropBreakComparison-eps-converted-to.pdf, id=50, 521.95pt x 428.60126
pt>
File: Figure/2-DropBreakComparison-eps-converted-to.pdf Graphic file (type pdf)

<use Figure/2-DropBreakComparison-eps-converted-to.pdf>
Package pdftex.def Info: Figure/2-DropBreakComparison-eps-converted-to.pdf  use
d on input line 753.
(pdftex.def)             Requested size: 260.97435pt x 214.3001pt.


LaTeX Warning: `!h' float specifier changed to `!ht'.

[9] [10 <./Figure/2-DropBreakComparison-eps-converted-to.pdf>]
Package epstopdf Info: Source file: <Figure/3-Comparison-of-De-New.eps>
(epstopdf)                    date: 2024-05-16 05:36:56
(epstopdf)                    size: 1037446 bytes
(epstopdf)             Output file: <Figure/3-Comparison-of-De-New-eps-converte
d-to.pdf>
(epstopdf)                    date: 2024-11-04 16:26:25
(epstopdf)                    size: 138874 bytes
(epstopdf)             Command: <repstopdf --outfile=Figure/3-Comparison-of-De-
New-eps-converted-to.pdf Figure/3-Comparison-of-De-New.eps>
(epstopdf)             \includegraphics on input line 885.
Package epstopdf Info: Output file is already uptodate.
<Figure/3-Comparison-of-De-New-eps-converted-to.pdf, id=66, 353.32pt x 230.8625
pt>
File: Figure/3-Comparison-of-De-New-eps-converted-to.pdf Graphic file (type pdf
)
<use Figure/3-Comparison-of-De-New-eps-converted-to.pdf>
Package pdftex.def Info: Figure/3-Comparison-of-De-New-eps-converted-to.pdf  us
ed on input line 885.
(pdftex.def)             Requested size: 211.99364pt x 138.51855pt.
 [11] [12]
[13 <./Figure/3-Comparison-of-De-New-eps-converted-to.pdf>]
Package epstopdf Info: Source file: <Figure/4-DropBreakEvol.eps>
(epstopdf)                    date: 2024-10-22 12:12:09
(epstopdf)                    size: 2981318 bytes
(epstopdf)             Output file: <Figure/4-DropBreakEvol-eps-converted-to.pd
f>
(epstopdf)                    date: 2024-11-04 16:26:27
(epstopdf)                    size: 454704 bytes
(epstopdf)             Command: <repstopdf --outfile=Figure/4-DropBreakEvol-eps
-converted-to.pdf Figure/4-DropBreakEvol.eps>
(epstopdf)             \includegraphics on input line 987.
Package epstopdf Info: Output file is already uptodate.
<Figure/4-DropBreakEvol-eps-converted-to.pdf, id=82, 675.52374pt x 502.87875pt>

File: Figure/4-DropBreakEvol-eps-converted-to.pdf Graphic file (type pdf)
<use Figure/4-DropBreakEvol-eps-converted-to.pdf>
Package pdftex.def Info: Figure/4-DropBreakEvol-eps-converted-to.pdf  used on i
nput line 987.
(pdftex.def)             Requested size: 345.0pt x 256.83308pt.
 [14 <./Figure/4-DropBreakEvol-eps-converted-to.pdf>]
Package epstopdf Info: Source file: <Figure/5-BubbleBreakCa0p3Re92.eps>
(epstopdf)                    date: 2024-10-22 23:30:06
(epstopdf)                    size: 2216058 bytes
(epstopdf)             Output file: <Figure/5-BubbleBreakCa0p3Re92-eps-converte
d-to.pdf>
(epstopdf)                    date: 2024-11-04 16:26:28
(epstopdf)                    size: 355890 bytes
(epstopdf)             Command: <repstopdf --outfile=Figure/5-BubbleBreakCa0p3R
e92-eps-converted-to.pdf Figure/5-BubbleBreakCa0p3Re92.eps>
(epstopdf)             \includegraphics on input line 1024.
Package epstopdf Info: Output file is already uptodate.
<Figure/5-BubbleBreakCa0p3Re92-eps-converted-to.pdf, id=91, 675.52374pt x 332.2
4126pt>
File: Figure/5-BubbleBreakCa0p3Re92-eps-converted-to.pdf Graphic file (type pdf
)
<use Figure/5-BubbleBreakCa0p3Re92-eps-converted-to.pdf>
Package pdftex.def Info: Figure/5-BubbleBreakCa0p3Re92-eps-converted-to.pdf  us
ed on input line 1024.
(pdftex.def)             Requested size: 345.0pt x 169.68413pt.
Package epstopdf Info: Source file: <Figure/6-BubbleBreakCa0p3Re93.eps>
(epstopdf)                    date: 2024-05-16 05:39:58
(epstopdf)                    size: 2240878 bytes
(epstopdf)             Output file: <Figure/6-BubbleBreakCa0p3Re93-eps-converte
d-to.pdf>
(epstopdf)                    date: 2024-11-04 16:26:29
(epstopdf)                    size: 362532 bytes
(epstopdf)             Command: <repstopdf --outfile=Figure/6-BubbleBreakCa0p3R
e93-eps-converted-to.pdf Figure/6-BubbleBreakCa0p3Re93.eps>
(epstopdf)             \includegraphics on input line 1047.
Package epstopdf Info: Output file is already uptodate.
<Figure/6-BubbleBreakCa0p3Re93-eps-converted-to.pdf, id=92, 675.52374pt x 332.2
4126pt>
File: Figure/6-BubbleBreakCa0p3Re93-eps-converted-to.pdf Graphic file (type pdf
)
<use Figure/6-BubbleBreakCa0p3Re93-eps-converted-to.pdf>
Package pdftex.def Info: Figure/6-BubbleBreakCa0p3Re93-eps-converted-to.pdf  us
ed on input line 1047.
(pdftex.def)             Requested size: 345.0pt x 169.68413pt.
 [15 <./Figure/5-BubbleBreakCa0p3Re92-eps-converted-to.pdf>]
Package epstopdf Info: Source file: <Figure/7-BubBreakCa0p3Re93Detail.eps>
(epstopdf)                    date: 2024-05-16 05:40:52
(epstopdf)                    size: 1454214 bytes
(epstopdf)             Output file: <Figure/7-BubBreakCa0p3Re93Detail-eps-conve
rted-to.pdf>
(epstopdf)                    date: 2024-11-04 16:26:30
(epstopdf)                    size: 174498 bytes
(epstopdf)             Command: <repstopdf --outfile=Figure/7-BubBreakCa0p3Re93
Detail-eps-converted-to.pdf Figure/7-BubBreakCa0p3Re93Detail.eps>
(epstopdf)             \includegraphics on input line 1104.
Package epstopdf Info: Output file is already uptodate.
<Figure/7-BubBreakCa0p3Re93Detail-eps-converted-to.pdf, id=101, 675.52374pt x 2
50.9375pt>
File: Figure/7-BubBreakCa0p3Re93Detail-eps-converted-to.pdf Graphic file (type 
pdf)
<use Figure/7-BubBreakCa0p3Re93Detail-eps-converted-to.pdf>
Package pdftex.def Info: Figure/7-BubBreakCa0p3Re93Detail-eps-converted-to.pdf 
 used on input line 1104.
(pdftex.def)             Requested size: 345.0pt x 128.16022pt.
 [16 <./Figure/6-BubbleBreakCa0p3Re93-eps-converted-to.pdf>]
Package epstopdf Info: Source file: <Figure/8-ShearStress.eps>
(epstopdf)                    date: 2024-05-16 05:42:22
(epstopdf)                    size: 2739602 bytes
(epstopdf)             Output file: <Figure/8-ShearStress-eps-converted-to.pdf>

(epstopdf)                    date: 2024-11-04 16:26:31
(epstopdf)                    size: 512514 bytes
(epstopdf)             Command: <repstopdf --outfile=Figure/8-ShearStress-eps-c
onverted-to.pdf Figure/8-ShearStress.eps>
(epstopdf)             \includegraphics on input line 1153.
Package epstopdf Info: Output file is already uptodate.
<Figure/8-ShearStress-eps-converted-to.pdf, id=110, 741.77126pt x 218.8175pt>
File: Figure/8-ShearStress-eps-converted-to.pdf Graphic file (type pdf)
<use Figure/8-ShearStress-eps-converted-to.pdf>
Package pdftex.def Info: Figure/8-ShearStress-eps-converted-to.pdf  used on inp
ut line 1153.
(pdftex.def)             Requested size: 296.70325pt x 87.52544pt.

[17 <./Figure/7-BubBreakCa0p3Re93Detail-eps-converted-to.pdf> <./Figure/8-Shear
Stress-eps-converted-to.pdf>] [18]
Package epstopdf Info: Source file: <Figure/9-BubbleFieldCa0p3Re93.eps>
(epstopdf)                    date: 2024-05-16 05:57:14
(epstopdf)                    size: 6151994 bytes
(epstopdf)             Output file: <Figure/9-BubbleFieldCa0p3Re93-eps-converte
d-to.pdf>
(epstopdf)                    date: 2024-11-04 16:26:32
(epstopdf)                    size: 4064777 bytes
(epstopdf)             Command: <repstopdf --outfile=Figure/9-BubbleFieldCa0p3R
e93-eps-converted-to.pdf Figure/9-BubbleFieldCa0p3Re93.eps>
(epstopdf)             \includegraphics on input line 1241.
Package epstopdf Info: Output file is already uptodate.
<Figure/9-BubbleFieldCa0p3Re93-eps-converted-to.pdf, id=128, 615.29875pt x 479.
7925pt>
File: Figure/9-BubbleFieldCa0p3Re93-eps-converted-to.pdf Graphic file (type pdf
)
<use Figure/9-BubbleFieldCa0p3Re93-eps-converted-to.pdf>
Package pdftex.def Info: Figure/9-BubbleFieldCa0p3Re93-eps-converted-to.pdf  us
ed on input line 1241.
(pdftex.def)             Requested size: 345.0pt x 269.02605pt.
 [19 <./Figure/9-BubbleFieldCa0p3Re93-eps-converted-to.pdf>]
Package epstopdf Info: Source file: <Figure/10-BubbleDeformCa0p8Re42.eps>
(epstopdf)                    date: 2024-10-23 02:48:38
(epstopdf)                    size: 2246430 bytes
(epstopdf)             Output file: <Figure/10-BubbleDeformCa0p8Re42-eps-conver
ted-to.pdf>
(epstopdf)                    date: 2024-11-04 16:26:33
(epstopdf)                    size: 365087 bytes
(epstopdf)             Command: <repstopdf --outfile=Figure/10-BubbleDeformCa0p
8Re42-eps-converted-to.pdf Figure/10-BubbleDeformCa0p8Re42.eps>
(epstopdf)             \includegraphics on input line 1299.
Package epstopdf Info: Output file is already uptodate.
<Figure/10-BubbleDeformCa0p8Re42-eps-converted-to.pdf, id=138, 675.52374pt x 33
2.24126pt>
File: Figure/10-BubbleDeformCa0p8Re42-eps-converted-to.pdf Graphic file (type p
df)
<use Figure/10-BubbleDeformCa0p8Re42-eps-converted-to.pdf>
Package pdftex.def Info: Figure/10-BubbleDeformCa0p8Re42-eps-converted-to.pdf  
used on input line 1299.
(pdftex.def)             Requested size: 345.0pt x 169.68413pt.
Package epstopdf Info: Source file: <Figure/11-BubbleBreakCa0p8Re43.eps>
(epstopdf)                    date: 2024-05-16 05:47:48
(epstopdf)                    size: 2273346 bytes
(epstopdf)             Output file: <Figure/11-BubbleBreakCa0p8Re43-eps-convert
ed-to.pdf>
(epstopdf)                    date: 2024-11-04 16:26:35
(epstopdf)                    size: 375026 bytes
(epstopdf)             Command: <repstopdf --outfile=Figure/11-BubbleBreakCa0p8
Re43-eps-converted-to.pdf Figure/11-BubbleBreakCa0p8Re43.eps>
(epstopdf)             \includegraphics on input line 1314.
Package epstopdf Info: Output file is already uptodate.
<Figure/11-BubbleBreakCa0p8Re43-eps-converted-to.pdf, id=139, 675.52374pt x 332
.24126pt>
File: Figure/11-BubbleBreakCa0p8Re43-eps-converted-to.pdf Graphic file (type pd
f)
<use Figure/11-BubbleBreakCa0p8Re43-eps-converted-to.pdf>
Package pdftex.def Info: Figure/11-BubbleBreakCa0p8Re43-eps-converted-to.pdf  u
sed on input line 1314.
(pdftex.def)             Requested size: 345.0pt x 169.68413pt.
 [20 <./Figure/10-BubbleDeformCa0p8Re42-eps-converted-to.pdf>]
Overfull \hbox (2.01pt too wide) in paragraph at lines 1363--1383
[]\OT1/cmr/m/n/10 Table 4[] lists, for rep-re-sen-ta-tive $\OML/cmm/m/it/10 Ca$
 \OT1/cmr/m/n/10 val-ues, the cor-re-spond-ing crit-i-cal Reynolds
 []

[21 <./Figure/11-BubbleBreakCa0p8Re43-eps-converted-to.pdf>]
Package epstopdf Info: Source file: <Figure/12-CaRecFit.eps>
(epstopdf)                    date: 2024-05-16 05:48:36
(epstopdf)                    size: 658686 bytes
(epstopdf)             Output file: <Figure/12-CaRecFit-eps-converted-to.pdf>
(epstopdf)                    date: 2024-11-04 16:26:35
(epstopdf)                    size: 57284 bytes
(epstopdf)             Command: <repstopdf --outfile=Figure/12-CaRecFit-eps-con
verted-to.pdf Figure/12-CaRecFit.eps>
(epstopdf)             \includegraphics on input line 1410.
Package epstopdf Info: Output file is already uptodate.
<Figure/12-CaRecFit-eps-converted-to.pdf, id=156, 341.275pt x 216.81pt>
File: Figure/12-CaRecFit-eps-converted-to.pdf Graphic file (type pdf)
<use Figure/12-CaRecFit-eps-converted-to.pdf>
Package pdftex.def Info: Figure/12-CaRecFit-eps-converted-to.pdf  used on input
 line 1410.
(pdftex.def)             Requested size: 204.76657pt x 130.08699pt.
 [22 <./Figure/12-CaRecFit-eps-converted-to.pdf>] (./Bubble-deformation-Rev.bbl

Underfull \hbox (badness 4048) in paragraph at lines 17--28
[]\OT1/cmr/m/n/10 Amani, A., Balc^^Sazar, N., Cas-tro, J., Oliva, A., 2019.  Nu
-
 []


Underfull \hbox (badness 2478) in paragraph at lines 17--28
\OT1/cmr/m/n/10 mer-i-cal study of droplet de-for-ma-tion in shear flow us-ing 
a con-
 []


Underfull \hbox (badness 6125) in paragraph at lines 17--28
\OT1/cmr/m/n/10 ser-va-tive level-set method.  Chem-i-cal En-gi-neer-ing Sci-en
ce 207,
 []


Underfull \hbox (badness 2261) in paragraph at lines 17--28
\OT1/cmr/m/n/10 153--171.  URL: $\OT1/cmtt/m/n/10 http : / / www . sciencedirec
t . com / science / article /
 []


Underfull \hbox (badness 6141) in paragraph at lines 17--28
\OT1/cmtt/m/n/10 pii / S0009250919305123$\OT1/cmr/m/n/10 , doi:$\OT1/cmtt/m/n/1
0 https : / / doi . org / 10 . 1016 / j . ces . 2019 .
 []


Underfull \hbox (badness 1521) in paragraph at lines 55--67
\OT1/cmr/m/n/10 ter-face Sci-ence 270, 108--122.  URL: $\OT1/cmtt/m/n/10 https 
: / / www . sciencedirect .
 []


Underfull \hbox (badness 1097) in paragraph at lines 68--79
[]\OT1/cmr/m/n/10 Cristini, V., B lawzdziewicz, J., Loewen-berg, M., 2001.  An 
adap-
 []


Underfull \hbox (badness 2837) in paragraph at lines 68--79
\OT1/cmr/m/n/10 and co-a-les-cence.  Jour-nal of Com-pu-ta-tional Physics 168, 
445 --
 []


Underfull \hbox (badness 1917) in paragraph at lines 68--79
\OT1/cmr/m/n/10 463.  URL: $\OT1/cmtt/m/n/10 http : / / www . sciencedirect . c
om / science / article / pii /
 []

[23]
Underfull \hbox (badness 10000) in paragraph at lines 103--113
\OT1/cmtt/m/n/10 / / www . sciencedirect . com / science / article / pii / S000
1868615000603$\OT1/cmr/m/n/10 ,
 []


Underfull \hbox (badness 10000) in paragraph at lines 103--113
\OT1/cmr/m/n/10 doi:$\OT1/cmtt/m/n/10 https : / / doi . org / 10 . 1016 / j . c
is . 2015 . 04 . 001$\OT1/cmr/m/n/10 . rein-hard Miller,
 []


Underfull \hbox (badness 1087) in paragraph at lines 121--131
\OT1/cmr/m/n/10 23 -- 41.  URL: $\OT1/cmtt/m/n/10 http : / / www . sciencedirec
t . com / science / article /
 []


Underfull \hbox (badness 5260) in paragraph at lines 132--142
[]\OT1/cmr/m/n/10 Hirt, C., Nichols, B., 1981.  Vol-ume of fluid (vof) method
 []


Underfull \hbox (badness 2564) in paragraph at lines 132--142
\OT1/cmr/m/n/10 for the dy-nam-ics of free bound-aries.  Jour-nal of Com-pu-ta-
tional
 []


Underfull \hbox (badness 3333) in paragraph at lines 132--142
\OT1/cmr/m/n/10 Physics 39, 201 -- 225.  URL: $\OT1/cmtt/m/n/10 http : / / www 
. sciencedirect . com /
 []


Underfull \hbox (badness 6141) in paragraph at lines 151--161
\OT1/cmtt/m/n/10 worldscientific . com / doi / abs / 10 . 1142 / S0217979203017
035$\OT1/cmr/m/n/10 , doi:$\OT1/cmtt/m/n/10 10 .
 []


Underfull \hbox (badness 6063) in paragraph at lines 162--172
[]\OT1/cmr/m/n/10 Ioannou, N., Liu, H., Zhang, Y., 2016.  Droplet dy-nam-ics
 []


Underfull \hbox (badness 4819) in paragraph at lines 162--172
\OT1/cmr/m/n/10 in con-fine-ment.  Jour-nal of Com-pu-ta-tional Sci-ence 17, 46
3 --
 []


Underfull \hbox (badness 1917) in paragraph at lines 162--172
\OT1/cmr/m/n/10 474.  URL: $\OT1/cmtt/m/n/10 http : / / www . sciencedirect . c
om / science / article / pii /
 []


Underfull \hbox (badness 6141) in paragraph at lines 162--172
\OT1/cmtt/m/n/10 S1877750316300308$\OT1/cmr/m/n/10 , doi:$\OT1/cmtt/m/n/10 http
s : / / doi . org / 10 . 1016 / j . jocs . 2016 . 03 .
 []

[24]
Underfull \hbox (badness 1609) in paragraph at lines 173--183
[]\OT1/cmr/m/n/10 Janssen, P., An-der-son, P., 2008.  A boundary-integral model
 for
 []


Underfull \hbox (badness 1270) in paragraph at lines 173--183
\OT1/cmr/m/n/10 drop de-for-ma-tion be-tween two par-al-lel plates with non-uni
t vis-cos-
 []


Underfull \hbox (badness 3514) in paragraph at lines 173--183
\OT1/cmr/m/n/10 ity ra-tio drops.  Jour-nal of Com-pu-ta-tional Physics 227, 88
07--
 []


Underfull \hbox (badness 1371) in paragraph at lines 184--193
[]\OT1/cmr/m/n/10 Janssen, P.J.A., An-der-son, P.D., 2007.  Boundary-integral m
ethod
 []


Underfull \hbox (badness 2486) in paragraph at lines 184--193
\OT1/cmr/m/n/10 for drop de-for-ma-tion be-tween par-al-lel plates.  Physics of
 Flu-ids
 []


Underfull \hbox (badness 10000) in paragraph at lines 213--225
\OT1/cmtt/m/n/10 / / www . sciencedirect . com / science / article / pii / S030
1932213001547$\OT1/cmr/m/n/10 ,
 []


Underfull \hbox (badness 1867) in paragraph at lines 226--237
[]\OT1/cmr/m/n/10 Komrakova, A., Shardt, O., Es-kin, D., Derk-sen, J., 2015.  E
f-
 []


Underfull \hbox (badness 1776) in paragraph at lines 226--237
\OT1/cmr/m/n/10 in in-er-tial shear flow.  Chem-i-cal En-gi-neer-ing Sci-ence 1
26, 150 --
 []


Underfull \hbox (badness 1917) in paragraph at lines 226--237
\OT1/cmr/m/n/10 159.  URL: $\OT1/cmtt/m/n/10 http : / / www . sciencedirect . c
om / science / article / pii /
 []

[25]
Underfull \hbox (badness 2150) in paragraph at lines 278--290
[]\OT1/cmr/m/n/10 Ohta, M., Fu-rukawa, T., Yoshida, Y., Suss-man, M., 2019.  A
 []


Underfull \hbox (badness 1325) in paragraph at lines 278--290
\OT1/cmr/m/n/10 of a bub-ble ris-ing in a hy-brid car-reau and fene-cr mod-eled
 poly-
 []


Underfull \hbox (badness 1838) in paragraph at lines 278--290
\OT1/cmr/m/n/10 78.  URL: $\OT1/cmtt/m/n/10 https : / / www . sciencedirect . c
om / science / article / pii /
 []


Underfull \hbox (badness 10000) in paragraph at lines 300--311
[]\OT1/cmr/m/n/10 Ohta, M., Suss-man, M., 2012.  The buoyancy-driven mo-
 []


Underfull \hbox (badness 10000) in paragraph at lines 300--311
\OT1/cmr/m/n/10 tion of a sin-gle skirted bub-ble or drop ris-ing through
 []


Underfull \hbox (badness 10000) in paragraph at lines 300--311
\OT1/cmr/m/n/10 a vis-cous liq-uid.  Physics of Flu-ids 24, 112101.  URL:
 []


Underfull \hbox (badness 10000) in paragraph at lines 300--311
\OT1/cmtt/m/n/10 https : / / doi . org / 10 . 1063 / 1 . 4765669$\OT1/cmr/m/n/1
0 , doi:$\OT1/cmtt/m/n/10 10 . 1063 / 1 . 4765669$\OT1/cmr/m/n/10 ,
 []


Overfull \hbox (184.63895pt too wide) in paragraph at lines 300--311
\OT1/cmtt/m/n/10 arXiv:https://pubs.aip.org/aip/pof/article-pdf/doi/10.1063/1.4
765669/14128560/112101[]1[]online.pdf\OT1/cmr/m/n/10 . 
 []


Underfull \hbox (badness 3601) in paragraph at lines 312--323
[]\OT1/cmr/m/n/10 Rallison, J.M., 1984.  The de-for-ma-tion of small vis-cous d
rops
 []


Underfull \hbox (badness 2980) in paragraph at lines 312--323
\OT1/cmr/m/n/10 and bub-bles in shear flows.  An-nual Re-view of Fluid Me-chan-

 []


Underfull \hbox (badness 5771) in paragraph at lines 312--323
\OT1/cmr/m/n/10 ics 16, 45--66.  URL: $\OT1/cmtt/m/n/10 http : / / dx . doi . o
rg / 10 . 1146 / annurev . fl .
 []


Underfull \hbox (badness 10000) in paragraph at lines 312--323
\OT1/cmtt/m/n/10 16 . 010184 . 000401$\OT1/cmr/m/n/10 , doi:$\OT1/cmtt/m/n/10 1
0 . 1146 / annurev . fl . 16 . 010184 . 000401$\OT1/cmr/m/n/10 ,
 []


Underfull \hbox (badness 1122) in paragraph at lines 340--349
[]\OT1/cmr/m/n/10 Renardy, Y., 2008.  Ef-fect of startup con-di-tions on drop b
reakup
 []


Underfull \hbox (badness 1248) in paragraph at lines 340--349
\OT1/cmr/m/n/10 34, 1185 -- 1189.  URL: $\OT1/cmtt/m/n/10 http : / / www . scie
ncedirect . com / science /
 []

[26]
Underfull \hbox (badness 2119) in paragraph at lines 393--404
[]\OT1/cmr/m/n/10 Stone, H.A., 1994.  Dy-nam-ics of drop de-for-ma-tion and bre
akup
 []


Underfull \hbox (badness 10000) in paragraph at lines 393--404
\OT1/cmr/m/n/10 in vis-cous flu-ids.  An-nual Re-view of Fluid Me-chan-ics 26,
 []


Underfull \hbox (badness 10000) in paragraph at lines 393--404
\OT1/cmr/m/n/10 65--102.  URL: $\OT1/cmtt/m/n/10 http : / / dx . doi . org / 10
 . 1146 / annurev . fl . 26 .
 []


Underfull \hbox (badness 10000) in paragraph at lines 393--404
\OT1/cmtt/m/n/10 010194 . 000433$\OT1/cmr/m/n/10 , doi:$\OT1/cmtt/m/n/10 10 . 1
146 / annurev . fl . 26 . 010194 . 000433$\OT1/cmr/m/n/10 ,
 []


Underfull \hbox (badness 1831) in paragraph at lines 405--415
\OT1/cmr/m/n/10 of-fluid method for com-put-ing growth and col-lapse of va-por 
bub-
 []


Underfull \hbox (badness 10000) in paragraph at lines 405--415
\OT1/cmtt/m/n/10 / / www . sciencedirect . com / science / article / pii / S002
1999103000871$\OT1/cmr/m/n/10 ,
 []


Underfull \hbox (badness 1052) in paragraph at lines 416--428
\OT1/cmr/m/n/10 Wel-come, M.L., 1999.  An adap-tive level set ap-proach for in-
com-
 []


Underfull \hbox (badness 3769) in paragraph at lines 429--439
[]\OT1/cmr/m/n/10 Sussman, M., Puck-ett, E.G., 2000.  A cou-pled level set and
 []


Underfull \hbox (badness 1917) in paragraph at lines 429--439
\OT1/cmr/m/n/10 337.  URL: $\OT1/cmtt/m/n/10 http : / / www . sciencedirect . c
om / science / article / pii /
 []


Underfull \hbox (badness 2828) in paragraph at lines 440--451
[]\OT1/cmr/m/n/10 Sussman, M., Smereka, P., Os-her, S., 1994.  A level set ap-
 []


Underfull \hbox (badness 3838) in paragraph at lines 440--451
\OT1/cmr/m/n/10 proach for com-put-ing so-lu-tions to in-com-press-ible two-pha
se flow.
 []


Underfull \hbox (badness 1748) in paragraph at lines 440--451
\OT1/cmr/m/n/10 Jour-nal of Com-pu-ta-tional Physics 114, 146 -- 159.  URL: $\O
T1/cmtt/m/n/10 http :
 []


Underfull \hbox (badness 10000) in paragraph at lines 440--451
\OT1/cmtt/m/n/10 / / www . sciencedirect . com / science / article / pii / S002
1999184711557$\OT1/cmr/m/n/10 ,
 []

[27]
Underfull \hbox (badness 3000) in paragraph at lines 489--499
[]\OT1/cmr/m/n/10 Unverdi, S.O., Tryg-gva-son, G., 1992.  A front-tracking meth
od
 []


Underfull \hbox (badness 1558) in paragraph at lines 549--558
[]\OT1/cmr/m/n/10 Zhang, J., Shu, S., Guan, X., Yang, N., 2021b.  Regime map-
 []


Underfull \hbox (badness 1895) in paragraph at lines 549--558
\OT1/cmr/m/n/10 ping of mul-ti-ple breakup of droplets in shear flow by phase-f
ield
 []


Underfull \hbox (badness 2671) in paragraph at lines 549--558
\OT1/cmr/m/n/10 lat-tice boltz-mann sim-u-la-tion.  Chem-i-cal En-gi-neer-ing S
ci-ence 240,
 []


Underfull \hbox (badness 2165) in paragraph at lines 549--558
\OT1/cmr/m/n/10 116673.  URL: $\OT1/cmtt/m/n/10 https : / / www . sciencedirect
 . com / science / article /
 []


Underfull \hbox (badness 6141) in paragraph at lines 549--558
\OT1/cmtt/m/n/10 pii / S0009250921002384$\OT1/cmr/m/n/10 , doi:$\OT1/cmtt/m/n/1
0 https : / / doi . org / 10 . 1016 / j . ces . 2021 .
 []

) [28] (./Bubble-deformation-Rev.aux)
 ***********
LaTeX2e <2023-11-01> patch level 1
L3 programming layer <2024-02-20>
 ***********


LaTeX Warning: Label(s) may have changed. Rerun to get cross-references right.

 ) 
Here is how much of TeX's memory you used:
 6573 strings out of 474116
 110550 string characters out of 5743683
 1949187 words of memory out of 5000000
 28827 multiletter control sequences out of 15000+600000
 570621 words of font info for 85 fonts, out of 8000000 for 9000
 1141 hyphenation exceptions out of 8191
 72i,12n,79p,1154b,408s stack positions out of 10000i,1000n,20000p,200000b,200000s
</usr/local/texlive/2024/texmf-dist/fonts/type1/public/amsfonts/cm/cmbx10.pfb
></usr/local/texlive/2024/texmf-dist/fonts/type1/public/amsfonts/cm/cmex10.pfb>
</usr/local/texlive/2024/texmf-dist/fonts/type1/public/amsfonts/cm/cmmi10.pfb><
/usr/local/texlive/2024/texmf-dist/fonts/type1/public/amsfonts/cm/cmmi6.pfb></u
sr/local/texlive/2024/texmf-dist/fonts/type1/public/amsfonts/cm/cmmi7.pfb></usr
/local/texlive/2024/texmf-dist/fonts/type1/public/amsfonts/cm/cmmi8.pfb></usr/l
ocal/texlive/2024/texmf-dist/fonts/type1/public/amsfonts/cm/cmmib10.pfb></usr/l
ocal/texlive/2024/texmf-dist/fonts/type1/public/amsfonts/cm/cmr10.pfb></usr/loc
al/texlive/2024/texmf-dist/fonts/type1/public/amsfonts/cm/cmr12.pfb></usr/local
/texlive/2024/texmf-dist/fonts/type1/public/amsfonts/cm/cmr6.pfb></usr/local/te
xlive/2024/texmf-dist/fonts/type1/public/amsfonts/cm/cmr7.pfb></usr/local/texli
ve/2024/texmf-dist/fonts/type1/public/amsfonts/cm/cmr8.pfb></usr/local/texlive/
2024/texmf-dist/fonts/type1/public/amsfonts/cm/cmss8.pfb></usr/local/texlive/20
24/texmf-dist/fonts/type1/public/amsfonts/cm/cmsy10.pfb></usr/local/texlive/202
4/texmf-dist/fonts/type1/public/amsfonts/cm/cmsy6.pfb></usr/local/texlive/2024/
texmf-dist/fonts/type1/public/amsfonts/cm/cmsy7.pfb></usr/local/texlive/2024/te
xmf-dist/fonts/type1/public/amsfonts/cm/cmsy8.pfb></usr/local/texlive/2024/texm
f-dist/fonts/type1/public/amsfonts/cm/cmti10.pfb></usr/local/texlive/2024/texmf
-dist/fonts/type1/public/amsfonts/cm/cmti7.pfb></usr/local/texlive/2024/texmf-d
ist/fonts/type1/public/amsfonts/cm/cmti8.pfb></usr/local/texlive/2024/texmf-dis
t/fonts/type1/public/amsfonts/cm/cmtt10.pfb></usr/local/texlive/2024/texmf-dist
/fonts/type1/public/amsfonts/symbols/msam10.pfb>
Output written on Bubble-deformation-Rev.pdf (28 pages, 7600591 bytes).
PDF statistics:
 276 PDF objects out of 1000 (max. 8388607)
 165 compressed objects within 2 object streams
 0 named destinations out of 1000 (max. 500000)
 61 words of extra memory for PDF output out of 10000 (max. 10000000)

